Using pre-set license

 COMMAND LINE ARGUMENTS:
/Applications/Unity/Hub/Editor/2020.3.1f1/Unity.app/Contents/MacOS/Unity
-adb2
-batchMode
-noUpm
-name
AssetImportWorker0
-projectPath
/Users/emmanuelreyes/Documents/UnityBootstrap/FirstPersonBootstrap
-logFile
Logs/AssetImportWorker0.log
-srvPort
58078
Successfully changed project path to: /Users/emmanuelreyes/Documents/UnityBootstrap/FirstPersonBootstrap
/Users/emmanuelreyes/Documents/UnityBootstrap/FirstPersonBootstrap
Using Asset Import Pipeline V2.
Refreshing native plugins compatible for Editor in 28.69 ms, found 1 plugins.
Preloading 0 native plugins for Editor in 0.00 ms.
Initialize engine version: 2020.3.1f1 (77a89f25062f)
[Subsystems] Discovering subsystems at path /Applications/Unity/Hub/Editor/2020.3.1f1/Unity.app/Contents/Resources/UnitySubsystems
[Subsystems] Discovering subsystems at path /Users/emmanuelreyes/Documents/UnityBootstrap/FirstPersonBootstrap/Assets
GfxDevice: creating device client; threaded=0
2021-10-27 12:53:27.594 Unity[57681:3062122] Color LCD preferred device: Intel(R) Iris(TM) Plus Graphics 640 (low power)
2021-10-27 12:53:27.594 Unity[57681:3062122] Metal devices available: 1
2021-10-27 12:53:27.594 Unity[57681:3062122] 0: Intel(R) Iris(TM) Plus Graphics 640 (low power)
2021-10-27 12:53:27.595 Unity[57681:3062122] Using device Intel(R) Iris(TM) Plus Graphics 640 (low power)
Initializing Metal device caps: Intel(R) Iris(TM) Plus Graphics 640
Initialize mono
Mono path[0] = '/Applications/Unity/Hub/Editor/2020.3.1f1/Unity.app/Contents/Managed'
Mono path[1] = '/Applications/Unity/Hub/Editor/2020.3.1f1/Unity.app/Contents/MonoBleedingEdge/lib/mono/unityjit'
Mono config path = '/Applications/Unity/Hub/Editor/2020.3.1f1/Unity.app/Contents/MonoBleedingEdge/etc'
Using monoOptions --debugger-agent=transport=dt_socket,embedding=1,server=y,suspend=n,address=127.0.0.1:56681
Begin MonoManager ReloadAssembly
Registering precompiled unity dll's ...
Register platform support module: /Applications/Unity/Hub/Editor/2020.3.1f1/Unity.app/Contents/PlaybackEngines/MacStandaloneSupport/UnityEditor.OSXStandalone.Extensions.dll
Registered in 0.000364 seconds.
Native extension for OSXStandalone target not found
Refreshing native plugins compatible for Editor in 26.10 ms, found 1 plugins.
Preloading 0 native plugins for Editor in 0.00 ms.
Invoked RoslynAnalysisRunner static constructor.
RoslynAnalysisRunner will not be running.
RoslynAnalysisRunner has terminated.
Mono: successfully reloaded assembly
- Completed reload, in  1.264 seconds
Platform modules already initialized, skipping
Registering precompiled user dll's ...
Registered in 0.000327 seconds.
Begin MonoManager ReloadAssembly
Native extension for OSXStandalone target not found
Refreshing native plugins compatible for Editor in 0.34 ms, found 1 plugins.
Preloading 0 native plugins for Editor in 0.00 ms.
Invoked RoslynAnalysisRunner static constructor.
RoslynAnalysisRunner will not be running.
RoslynAnalysisRunner has terminated.
Mono: successfully reloaded assembly
- Completed reload, in  1.061 seconds
Platform modules already initialized, skipping
========================================================================
Worker process is ready to serve import requests
Launching external process: /Applications/Unity/Hub/Editor/2020.3.1f1/Unity.app/Contents/Tools/UnityShaderCompiler
Launched and connected shader compiler UnityShaderCompiler after 0.02 seconds
Refreshing native plugins compatible for Editor in 0.22 ms, found 1 plugins.
Preloading 0 native plugins for Editor in 0.00 ms.
Unloading 1113 Unused Serialized files (Serialized files now loaded: 0)
System memory in use before: 106.5 MB.
System memory in use after: 106.5 MB.

Unloading 10 unused Assets to reduce memory usage. Loaded Objects now: 1555.
Total: 3.623594 ms (FindLiveObjects: 0.277157 ms CreateObjectMapping: 0.051349 ms MarkObjects: 3.171323 ms  DeleteObjects: 0.122068 ms)

========================================================================
Received Import Request.
  path: Assets/Scenes
  artifactKey: Guid(61c1e3547f8d14cb798c72c905c2ea06) Importer(815301076,1909f56bfc062723c751e8b465ee728b)
Start importing Assets/Scenes using Guid(61c1e3547f8d14cb798c72c905c2ea06) Importer(815301076,1909f56bfc062723c751e8b465ee728b)  -> (artifact id: 'bde41089c92cf92b5d3a417fdca11f34') in 0.004430 seconds
  Import took 0.008103 seconds .

========================================================================
Received Import Request.
  Time since last request: 26.943227 seconds.
  path: Assets/Scenes/Bootstrap.unity
  artifactKey: Guid(780ea8314988244ee9cd0d411e9c29b2) Importer(815301076,1909f56bfc062723c751e8b465ee728b)
Start importing Assets/Scenes/Bootstrap.unity using Guid(780ea8314988244ee9cd0d411e9c29b2) Importer(815301076,1909f56bfc062723c751e8b465ee728b)  -> (artifact id: '405e69eabb4952339621f36465997e26') in 0.010570 seconds
  Import took 0.013839 seconds .

========================================================================
Received Import Request.
  Time since last request: 0.500833 seconds.
  path: Assets/Scenes/SampleScene.unity
  artifactKey: Guid(9fc0d4010bbf28b4594072e72b8655ab) Importer(815301076,1909f56bfc062723c751e8b465ee728b)
Start importing Assets/Scenes/SampleScene.unity using Guid(9fc0d4010bbf28b4594072e72b8655ab) Importer(815301076,1909f56bfc062723c751e8b465ee728b)  -> (artifact id: '9a0c7bd3eade52b464e03a3fa19ccb01') in 0.001364 seconds
  Import took 0.004898 seconds .

========================================================================
Received Import Request.
  Time since last request: 17.964971 seconds.
  path: Assets/New Prefab.prefab
  artifactKey: Guid(ce595dfb22e6b46488964bcab4ff8371) Importer(815301076,1909f56bfc062723c751e8b465ee728b)
Start importing Assets/New Prefab.prefab using Guid(ce595dfb22e6b46488964bcab4ff8371) Importer(815301076,1909f56bfc062723c751e8b465ee728b)  -> (artifact id: '6cf095591e4d461d0c7ff8fda7ca6c57') in 0.336776 seconds
  Import took 0.340216 seconds .

========================================================================
Received Import Request.
  Time since last request: 10.880698 seconds.
  path: Assets/Prefab
  artifactKey: Guid(4da2b0f3463fc443bbc8b4c08b44c602) Importer(815301076,1909f56bfc062723c751e8b465ee728b)
Start importing Assets/Prefab using Guid(4da2b0f3463fc443bbc8b4c08b44c602) Importer(815301076,1909f56bfc062723c751e8b465ee728b)  -> (artifact id: '51a07dcb6750079f0b41722a10d62254') in 0.003365 seconds
  Import took 0.007849 seconds .

========================================================================
Received Import Request.
  Time since last request: 0.000675 seconds.
  path: Assets/Prefab
  artifactKey: Guid(4da2b0f3463fc443bbc8b4c08b44c602) Importer(815301076,1909f56bfc062723c751e8b465ee728b)
Start importing Assets/Prefab using Guid(4da2b0f3463fc443bbc8b4c08b44c602) Importer(815301076,1909f56bfc062723c751e8b465ee728b)  -> (artifact id: '51a07dcb6750079f0b41722a10d62254') in 0.001795 seconds
  Import took 0.003841 seconds .

========================================================================
Received Import Request.
  Time since last request: 49.908607 seconds.
  path: Assets/Prefab/First Person Character.prefab
  artifactKey: Guid(784194921d7f9443e87a339e74eaa53c) Importer(815301076,1909f56bfc062723c751e8b465ee728b)
Start importing Assets/Prefab/First Person Character.prefab using Guid(784194921d7f9443e87a339e74eaa53c) Importer(815301076,1909f56bfc062723c751e8b465ee728b)  -> (artifact id: '3b790633bc62374917ce37be552ed34f') in 0.678298 seconds
  Import took 0.681766 seconds .

========================================================================
Received Import Request.
  Time since last request: 9.286623 seconds.
  path: Assets/Prefab/Project1Starter.prefab
  artifactKey: Guid(80b02607c04164c7296c6b6e85ce430a) Importer(815301076,1909f56bfc062723c751e8b465ee728b)
Start importing Assets/Prefab/Project1Starter.prefab using Guid(80b02607c04164c7296c6b6e85ce430a) Importer(815301076,1909f56bfc062723c751e8b465ee728b)  -> (artifact id: 'f63d2d74fc9382d4ec5250f87cd949b3') in 0.079021 seconds
  Import took 0.082481 seconds .

========================================================================
Received Import Request.
  Time since last request: 941.832745 seconds.
  path: Assets/Prefab/New Folder
  artifactKey: Guid(7a7a89f4632af446dba7757ecaa1afce) Importer(815301076,1909f56bfc062723c751e8b465ee728b)
Start importing Assets/Prefab/New Folder using Guid(7a7a89f4632af446dba7757ecaa1afce) Importer(815301076,1909f56bfc062723c751e8b465ee728b)  -> (artifact id: '91f849fbb19b321bff5bd04416adcee7') in 0.007691 seconds
  Import took 0.030689 seconds .

========================================================================
Received Import Request.
  Time since last request: 14.439608 seconds.
  path: Assets/Materials
  artifactKey: Guid(e872c806ca01a42d895940bb637a4ba0) Importer(815301076,1909f56bfc062723c751e8b465ee728b)
Start importing Assets/Materials using Guid(e872c806ca01a42d895940bb637a4ba0) Importer(815301076,1909f56bfc062723c751e8b465ee728b)  -> (artifact id: '4f1436b341c813a93fb91972de0d9e91') in 0.003928 seconds
  Import took 0.007265 seconds .

========================================================================
Received Prepare
Registering precompiled user dll's ...
Registered in 0.000856 seconds.
Begin MonoManager ReloadAssembly
Native extension for OSXStandalone target not found
Refreshing native plugins compatible for Editor in 0.66 ms, found 1 plugins.
Preloading 0 native plugins for Editor in 0.00 ms.
Invoked RoslynAnalysisRunner static constructor.
RoslynAnalysisRunner will not be running.
RoslynAnalysisRunner has terminated.
Mono: successfully reloaded assembly
- Completed reload, in  1.203 seconds
Platform modules already initialized, skipping
Refreshing native plugins compatible for Editor in 0.24 ms, found 1 plugins.
Preloading 0 native plugins for Editor in 0.00 ms.
Unloading 1108 Unused Serialized files (Serialized files now loaded: 0)
System memory in use before: 114.9 MB.
System memory in use after: 115.0 MB.

Unloading 6 unused Assets to reduce memory usage. Loaded Objects now: 1567.
Total: 2.950753 ms (FindLiveObjects: 0.372052 ms CreateObjectMapping: 0.057013 ms MarkObjects: 2.437133 ms  DeleteObjects: 0.081753 ms)

========================================================================
Received Prepare
Registering precompiled user dll's ...
Registered in 0.000949 seconds.
Begin MonoManager ReloadAssembly
Native extension for OSXStandalone target not found
Refreshing native plugins compatible for Editor in 0.32 ms, found 1 plugins.
Preloading 0 native plugins for Editor in 0.00 ms.
Invoked RoslynAnalysisRunner static constructor.
RoslynAnalysisRunner will not be running.
RoslynAnalysisRunner has terminated.
Mono: successfully reloaded assembly
- Completed reload, in  0.918 seconds
Platform modules already initialized, skipping
Refreshing native plugins compatible for Editor in 0.23 ms, found 1 plugins.
Preloading 0 native plugins for Editor in 0.00 ms.
Unloading 1108 Unused Serialized files (Serialized files now loaded: 0)
System memory in use before: 115.1 MB.
System memory in use after: 115.2 MB.

Unloading 5 unused Assets to reduce memory usage. Loaded Objects now: 1570.
Total: 2.089358 ms (FindLiveObjects: 0.235358 ms CreateObjectMapping: 0.065830 ms MarkObjects: 1.731389 ms  DeleteObjects: 0.054575 ms)

========================================================================
Received Prepare
Registering precompiled user dll's ...
Registered in 0.000324 seconds.
Begin MonoManager ReloadAssembly
Native extension for OSXStandalone target not found
Refreshing native plugins compatible for Editor in 0.24 ms, found 1 plugins.
Preloading 0 native plugins for Editor in 0.00 ms.
Invoked RoslynAnalysisRunner static constructor.
RoslynAnalysisRunner will not be running.
RoslynAnalysisRunner has terminated.
Mono: successfully reloaded assembly
- Completed reload, in  1.047 seconds
Platform modules already initialized, skipping
Refreshing native plugins compatible for Editor in 0.25 ms, found 1 plugins.
Preloading 0 native plugins for Editor in 0.00 ms.
Unloading 1155 Unused Serialized files (Serialized files now loaded: 0)
System memory in use before: 118.1 MB.
System memory in use after: 117.6 MB.

Unloading 18 unused Assets to reduce memory usage. Loaded Objects now: 1607.
Total: 2.662126 ms (FindLiveObjects: 0.358604 ms CreateObjectMapping: 0.072208 ms MarkObjects: 1.828005 ms  DeleteObjects: 0.401398 ms)

========================================================================
Received Prepare
Registering precompiled user dll's ...
Registered in 0.000951 seconds.
Begin MonoManager ReloadAssembly
Native extension for OSXStandalone target not found
Refreshing native plugins compatible for Editor in 0.25 ms, found 1 plugins.
Preloading 0 native plugins for Editor in 0.00 ms.
Invoked RoslynAnalysisRunner static constructor.
RoslynAnalysisRunner will not be running.
RoslynAnalysisRunner has terminated.
Mono: successfully reloaded assembly
- Completed reload, in  0.932 seconds
Platform modules already initialized, skipping
Refreshing native plugins compatible for Editor in 0.23 ms, found 1 plugins.
Preloading 0 native plugins for Editor in 0.00 ms.
Unloading 1155 Unused Serialized files (Serialized files now loaded: 0)
System memory in use before: 118.3 MB.
System memory in use after: 117.7 MB.

Unloading 18 unused Assets to reduce memory usage. Loaded Objects now: 1610.
Total: 2.553889 ms (FindLiveObjects: 0.256239 ms CreateObjectMapping: 0.058952 ms MarkObjects: 1.738939 ms  DeleteObjects: 0.497967 ms)

========================================================================
Received Import Request.
  Time since last request: 167.795619 seconds.
  path: Assets/Scripts
  artifactKey: Guid(b2ac2387d4c6a4288b63e2beacec8a33) Importer(815301076,1909f56bfc062723c751e8b465ee728b)
Start importing Assets/Scripts using Guid(b2ac2387d4c6a4288b63e2beacec8a33) Importer(815301076,1909f56bfc062723c751e8b465ee728b)  -> (artifact id: '0776b7d2877992be09229bdb696fcb57') in 0.006254 seconds
  Import took 0.009226 seconds .

========================================================================
Received Import Request.
  Time since last request: 0.001116 seconds.
  path: Assets/Scripts
  artifactKey: Guid(b2ac2387d4c6a4288b63e2beacec8a33) Importer(815301076,1909f56bfc062723c751e8b465ee728b)
Start importing Assets/Scripts using Guid(b2ac2387d4c6a4288b63e2beacec8a33) Importer(815301076,1909f56bfc062723c751e8b465ee728b)  -> (artifact id: '0776b7d2877992be09229bdb696fcb57') in 0.001343 seconds
  Import took 0.003943 seconds .

========================================================================
Received Prepare
Registering precompiled user dll's ...
Registered in 0.000339 seconds.
Begin MonoManager ReloadAssembly
Native extension for OSXStandalone target not found
Refreshing native plugins compatible for Editor in 0.37 ms, found 1 plugins.
Preloading 0 native plugins for Editor in 0.00 ms.
Invoked RoslynAnalysisRunner static constructor.
RoslynAnalysisRunner will not be running.
RoslynAnalysisRunner has terminated.
Mono: successfully reloaded assembly
- Completed reload, in  0.974 seconds
Platform modules already initialized, skipping
Refreshing native plugins compatible for Editor in 0.24 ms, found 1 plugins.
Preloading 0 native plugins for Editor in 0.00 ms.
Unloading 1158 Unused Serialized files (Serialized files now loaded: 0)
System memory in use before: 118.5 MB.
System memory in use after: 118.0 MB.

Unloading 18 unused Assets to reduce memory usage. Loaded Objects now: 1616.
Total: 2.719400 ms (FindLiveObjects: 0.303587 ms CreateObjectMapping: 0.071009 ms MarkObjects: 1.917687 ms  DeleteObjects: 0.424882 ms)

========================================================================
Received Prepare
Registering precompiled user dll's ...
Registered in 0.001040 seconds.
Begin MonoManager ReloadAssembly
Native extension for OSXStandalone target not found
Refreshing native plugins compatible for Editor in 0.25 ms, found 1 plugins.
Preloading 0 native plugins for Editor in 0.00 ms.
Invoked RoslynAnalysisRunner static constructor.
RoslynAnalysisRunner will not be running.
RoslynAnalysisRunner has terminated.
Mono: successfully reloaded assembly
- Completed reload, in  0.954 seconds
Platform modules already initialized, skipping
Refreshing native plugins compatible for Editor in 0.19 ms, found 1 plugins.
Preloading 0 native plugins for Editor in 0.00 ms.
Unloading 1158 Unused Serialized files (Serialized files now loaded: 0)
System memory in use before: 118.7 MB.
System memory in use after: 118.1 MB.

Unloading 18 unused Assets to reduce memory usage. Loaded Objects now: 1619.
Total: 2.475302 ms (FindLiveObjects: 0.261118 ms CreateObjectMapping: 0.046450 ms MarkObjects: 1.743895 ms  DeleteObjects: 0.420436 ms)

========================================================================
Received Import Request.
  Time since last request: 142.169873 seconds.
  path: Assets/Prefab/Game Reset Area.prefab
  artifactKey: Guid(6c3a161b6db9948a2ae5dffbddb959e3) Importer(815301076,1909f56bfc062723c751e8b465ee728b)
Start importing Assets/Prefab/Game Reset Area.prefab using Guid(6c3a161b6db9948a2ae5dffbddb959e3) Importer(815301076,1909f56bfc062723c751e8b465ee728b)  -> (artifact id: 'ec41aa60ac337d07190856c612240b40') in 0.066424 seconds
  Import took 0.086638 seconds .

========================================================================
Received Import Request.
  Time since last request: 0.005921 seconds.
  path: Assets/Prefab/Game Reset Area.prefab
  artifactKey: Guid(6c3a161b6db9948a2ae5dffbddb959e3) Importer(815301076,1909f56bfc062723c751e8b465ee728b)
Start importing Assets/Prefab/Game Reset Area.prefab using Guid(6c3a161b6db9948a2ae5dffbddb959e3) Importer(815301076,1909f56bfc062723c751e8b465ee728b)  -> (artifact id: 'ec41aa60ac337d07190856c612240b40') in 0.009437 seconds
  Import took 0.012614 seconds .

========================================================================
Received Import Request.
  Time since last request: 50.051695 seconds.
  path: Assets/Prefab/Project1Starter.prefab
  artifactKey: Guid(80b02607c04164c7296c6b6e85ce430a) Importer(815301076,1909f56bfc062723c751e8b465ee728b)
Start importing Assets/Prefab/Project1Starter.prefab using Guid(80b02607c04164c7296c6b6e85ce430a) Importer(815301076,1909f56bfc062723c751e8b465ee728b)  -> (artifact id: 'edb9396bb2eface19f3208ae284259fb') in 0.171522 seconds
  Import took 0.174549 seconds .

========================================================================
Received Prepare
Registering precompiled user dll's ...
Registered in 0.000763 seconds.
Begin MonoManager ReloadAssembly
Native extension for OSXStandalone target not found
Refreshing native plugins compatible for Editor in 0.34 ms, found 1 plugins.
Preloading 0 native plugins for Editor in 0.00 ms.
Invoked RoslynAnalysisRunner static constructor.
RoslynAnalysisRunner will not be running.
RoslynAnalysisRunner has terminated.
Mono: successfully reloaded assembly
- Completed reload, in  1.033 seconds
Platform modules already initialized, skipping
Refreshing native plugins compatible for Editor in 0.25 ms, found 1 plugins.
Preloading 0 native plugins for Editor in 0.00 ms.
Unloading 1158 Unused Serialized files (Serialized files now loaded: 0)
System memory in use before: 119.1 MB.
System memory in use after: 118.6 MB.

Unloading 18 unused Assets to reduce memory usage. Loaded Objects now: 1623.
Total: 2.584085 ms (FindLiveObjects: 0.382972 ms CreateObjectMapping: 0.167721 ms MarkObjects: 1.674002 ms  DeleteObjects: 0.357918 ms)

========================================================================
Received Prepare
Registering precompiled user dll's ...
Registered in 0.000339 seconds.
Begin MonoManager ReloadAssembly
Native extension for OSXStandalone target not found
Refreshing native plugins compatible for Editor in 0.42 ms, found 1 plugins.
Preloading 0 native plugins for Editor in 0.00 ms.
Invoked RoslynAnalysisRunner static constructor.
RoslynAnalysisRunner will not be running.
RoslynAnalysisRunner has terminated.
Mono: successfully reloaded assembly
- Completed reload, in  0.865 seconds
Platform modules already initialized, skipping
Refreshing native plugins compatible for Editor in 0.23 ms, found 1 plugins.
Preloading 0 native plugins for Editor in 0.00 ms.
Unloading 1158 Unused Serialized files (Serialized files now loaded: 0)
System memory in use before: 119.3 MB.
System memory in use after: 118.8 MB.

Unloading 18 unused Assets to reduce memory usage. Loaded Objects now: 1626.
Total: 2.102486 ms (FindLiveObjects: 0.223056 ms CreateObjectMapping: 0.047002 ms MarkObjects: 1.480009 ms  DeleteObjects: 0.351065 ms)

========================================================================
Received Import Request.
  Time since last request: 329.711865 seconds.
  path: Assets/Prefab/Project1Starter.prefab
  artifactKey: Guid(80b02607c04164c7296c6b6e85ce430a) Importer(815301076,1909f56bfc062723c751e8b465ee728b)
Start importing Assets/Prefab/Project1Starter.prefab using Guid(80b02607c04164c7296c6b6e85ce430a) Importer(815301076,1909f56bfc062723c751e8b465ee728b)  -> (artifact id: '5f1d329777b8c796604731e108618c7a') in 0.139394 seconds
  Import took 0.142379 seconds .

========================================================================
Received Prepare
Registering precompiled user dll's ...
Registered in 0.000336 seconds.
Begin MonoManager ReloadAssembly
Native extension for OSXStandalone target not found
Refreshing native plugins compatible for Editor in 0.24 ms, found 1 plugins.
Preloading 0 native plugins for Editor in 0.00 ms.
Invoked RoslynAnalysisRunner static constructor.
RoslynAnalysisRunner will not be running.
RoslynAnalysisRunner has terminated.
Mono: successfully reloaded assembly
- Completed reload, in  0.951 seconds
Platform modules already initialized, skipping
Refreshing native plugins compatible for Editor in 0.21 ms, found 1 plugins.
Preloading 0 native plugins for Editor in 0.00 ms.
Unloading 1162 Unused Serialized files (Serialized files now loaded: 0)
System memory in use before: 119.7 MB.
System memory in use after: 119.2 MB.

Unloading 18 unused Assets to reduce memory usage. Loaded Objects now: 1634.
Total: 2.396912 ms (FindLiveObjects: 0.236696 ms CreateObjectMapping: 0.067697 ms MarkObjects: 1.674914 ms  DeleteObjects: 0.415529 ms)

========================================================================
Received Import Request.
  Time since last request: 96.536219 seconds.
  path: Assets/Scripts/First Person Control/Crouch.cs
  artifactKey: Guid(44afc45e6911b44e3beadf2ede357f9b) Importer(815301076,1909f56bfc062723c751e8b465ee728b)
Start importing Assets/Scripts/First Person Control/Crouch.cs using Guid(44afc45e6911b44e3beadf2ede357f9b) Importer(815301076,1909f56bfc062723c751e8b465ee728b)  -> (artifact id: 'f7e2967b71432553b17a9d51d12f3662') in 0.134468 seconds
  Import took 0.137801 seconds .

========================================================================
Received Import Request.
  Time since last request: 0.000231 seconds.
  path: Assets/Scripts/First Person Control
  artifactKey: Guid(2c7f53c335df04054be8560e0452ef48) Importer(815301076,1909f56bfc062723c751e8b465ee728b)
Start importing Assets/Scripts/First Person Control using Guid(2c7f53c335df04054be8560e0452ef48) Importer(815301076,1909f56bfc062723c751e8b465ee728b)  -> (artifact id: '3b425411cd06051d8244bfc4fe994f05') in 0.001332 seconds
  Import took 0.003224 seconds .

========================================================================
Received Prepare
Registering precompiled user dll's ...
Registered in 0.000880 seconds.
Begin MonoManager ReloadAssembly
Native extension for OSXStandalone target not found
Refreshing native plugins compatible for Editor in 0.25 ms, found 1 plugins.
Preloading 0 native plugins for Editor in 0.00 ms.
Invoked RoslynAnalysisRunner static constructor.
RoslynAnalysisRunner will not be running.
RoslynAnalysisRunner has terminated.
Mono: successfully reloaded assembly
- Completed reload, in  0.907 seconds
Platform modules already initialized, skipping
Refreshing native plugins compatible for Editor in 0.23 ms, found 1 plugins.
Preloading 0 native plugins for Editor in 0.00 ms.
Unloading 1162 Unused Serialized files (Serialized files now loaded: 0)
System memory in use before: 121.1 MB.
System memory in use after: 120.5 MB.

Unloading 18 unused Assets to reduce memory usage. Loaded Objects now: 1637.
Total: 2.137378 ms (FindLiveObjects: 0.176099 ms CreateObjectMapping: 0.037064 ms MarkObjects: 1.549816 ms  DeleteObjects: 0.373180 ms)

========================================================================
Received Import Request.
  Time since last request: 214.507432 seconds.
  path: ProjectSettings/TagManager.asset
  artifactKey: Guid(00000000000000003000000000000000) Importer(815301076,1909f56bfc062723c751e8b465ee728b)
Start importing ProjectSettings/TagManager.asset using Guid(00000000000000003000000000000000) Importer(815301076,1909f56bfc062723c751e8b465ee728b)  -> (artifact id: '4e1ade904f8483502412a943970edefa') in 0.353489 seconds
  Import took 0.367083 seconds .

========================================================================
Received Prepare
Registering precompiled user dll's ...
Registered in 0.001171 seconds.
Begin MonoManager ReloadAssembly
Native extension for OSXStandalone target not found
Refreshing native plugins compatible for Editor in 0.27 ms, found 1 plugins.
Preloading 0 native plugins for Editor in 0.00 ms.
Invoked RoslynAnalysisRunner static constructor.
RoslynAnalysisRunner will not be running.
RoslynAnalysisRunner has terminated.
Mono: successfully reloaded assembly
- Completed reload, in  1.062 seconds
Platform modules already initialized, skipping
Refreshing native plugins compatible for Editor in 0.36 ms, found 1 plugins.
Preloading 0 native plugins for Editor in 0.00 ms.
Unloading 1162 Unused Serialized files (Serialized files now loaded: 0)
System memory in use before: 125.5 MB.
System memory in use after: 125.0 MB.

Unloading 19 unused Assets to reduce memory usage. Loaded Objects now: 1640.
Total: 2.720911 ms (FindLiveObjects: 0.348068 ms CreateObjectMapping: 0.063797 ms MarkObjects: 1.860484 ms  DeleteObjects: 0.446309 ms)

========================================================================
Received Import Request.
  Time since last request: 540.650068 seconds.
  path: Assets/Prefab/First Person Character.prefab
  artifactKey: Guid(784194921d7f9443e87a339e74eaa53c) Importer(815301076,1909f56bfc062723c751e8b465ee728b)
Start importing Assets/Prefab/First Person Character.prefab using Guid(784194921d7f9443e87a339e74eaa53c) Importer(815301076,1909f56bfc062723c751e8b465ee728b)  -> (artifact id: '422e761611d7078c33f0e30c5bc03838') in 0.092721 seconds
  Import took 0.096357 seconds .

========================================================================
Received Import Request.
  Time since last request: 5.063853 seconds.
  path: Assets/Prefab/Platform.prefab
  artifactKey: Guid(b29a692f347af4f02803c44798fd5ee5) Importer(815301076,1909f56bfc062723c751e8b465ee728b)
Start importing Assets/Prefab/Platform.prefab using Guid(b29a692f347af4f02803c44798fd5ee5) Importer(815301076,1909f56bfc062723c751e8b465ee728b)  -> (artifact id: '88b0b5af64f63be2a86d553742f1bb36') in 0.511985 seconds
  Import took 0.516083 seconds .

========================================================================
Received Prepare
Registering precompiled user dll's ...
Registered in 0.002923 seconds.
Begin MonoManager ReloadAssembly
Native extension for OSXStandalone target not found
Refreshing native plugins compatible for Editor in 0.40 ms, found 1 plugins.
Preloading 0 native plugins for Editor in 0.00 ms.
Invoked RoslynAnalysisRunner static constructor.
RoslynAnalysisRunner will not be running.
RoslynAnalysisRunner has terminated.
Mono: successfully reloaded assembly
- Completed reload, in  0.947 seconds
Platform modules already initialized, skipping
Refreshing native plugins compatible for Editor in 0.25 ms, found 1 plugins.
Preloading 0 native plugins for Editor in 0.00 ms.
Unloading 1162 Unused Serialized files (Serialized files now loaded: 0)
System memory in use before: 126.4 MB.
System memory in use after: 125.9 MB.

Unloading 19 unused Assets to reduce memory usage. Loaded Objects now: 1645.
Total: 2.778049 ms (FindLiveObjects: 0.265895 ms CreateObjectMapping: 0.063922 ms MarkObjects: 1.879534 ms  DeleteObjects: 0.566787 ms)

